2016-04-08 17:52:31.251 - SELECT * FROM `Bill`                 ORDER BY LastUpdateTime DESC
2016-04-08 17:54:32.472 - SELECT * FROM `Bill`                 ORDER BY LastUpdateTime DESC
2016-04-08 17:54:33.020 - SELECT * FROM `House`       WHERE  (            `ID`= ?param0           )           ORDER BY LastUpdateTime DESC
2016-04-08 17:54:33.102 - SELECT * FROM `Building`       WHERE  (            `ID`= ?param0           )           ORDER BY LastUpdateTime DESC
2016-04-08 17:54:33.123 - SELECT * FROM `House_OtherFee`       WHERE  (            `HouseOrRoomID`= ?param0           )
2016-04-08 17:54:33.144 - SELECT * FROM `OtherFee`                 ORDER BY LastUpdateTime DESC
2016-04-08 17:54:33.166 - SELECT * FROM `OtherFeeBill`       WHERE  (            `BillID`= ?param0           )           ORDER BY LastUpdateTime DESC
2016-04-08 17:55:58.163 - SELECT * FROM `Bill`                 ORDER BY LastUpdateTime DESC
2016-04-08 17:55:58.591 - SELECT * FROM `House`       WHERE  (            `ID`= ?param0           )           ORDER BY LastUpdateTime DESC
2016-04-08 17:55:58.625 - SELECT * FROM `Building`       WHERE  (            `ID`= ?param0           )           ORDER BY LastUpdateTime DESC
2016-04-08 17:55:58.645 - SELECT * FROM `House_OtherFee`       WHERE  (            `HouseOrRoomID`= ?param0           )
2016-04-08 17:55:58.664 - SELECT * FROM `OtherFee`                 ORDER BY LastUpdateTime DESC
2016-04-08 17:55:58.685 - SELECT * FROM `OtherFeeBill`       WHERE  (            `BillID`= ?param0           )           ORDER BY LastUpdateTime DESC
2016-04-08 17:56:59.566 - SELECT * FROM `Bill`                 ORDER BY LastUpdateTime DESC
2016-04-08 17:57:00.008 - SELECT * FROM `House`       WHERE  (            `ID`= ?param0           )           ORDER BY LastUpdateTime DESC
2016-04-08 17:57:00.093 - SELECT * FROM `Building`       WHERE  (            `ID`= ?param0           )           ORDER BY LastUpdateTime DESC
2016-04-08 17:57:00.123 - SELECT * FROM `House_OtherFee`       WHERE  (            `HouseOrRoomID`= ?param0           )
2016-04-08 17:57:00.142 - SELECT * FROM `OtherFee`                 ORDER BY LastUpdateTime DESC
2016-04-08 17:57:00.161 - SELECT * FROM `OtherFeeBill`       WHERE  (            `BillID`= ?param0           )           ORDER BY LastUpdateTime DESC
2016-04-08 17:58:18.655 - SELECT * FROM `Bill`                 ORDER BY LastUpdateTime DESC
2016-04-08 17:58:19.164 - SELECT * FROM `House`       WHERE  (            `ID`= ?param0           )           ORDER BY LastUpdateTime DESC
2016-04-08 17:58:19.202 - SELECT * FROM `Building`       WHERE  (            `ID`= ?param0           )           ORDER BY LastUpdateTime DESC
2016-04-08 17:58:19.223 - SELECT * FROM `House_OtherFee`       WHERE  (            `HouseOrRoomID`= ?param0           )
2016-04-08 17:58:19.242 - SELECT * FROM `OtherFee`                 ORDER BY LastUpdateTime DESC
2016-04-08 17:58:19.262 - SELECT * FROM `OtherFeeBill`       WHERE  (            `BillID`= ?param0           )           ORDER BY LastUpdateTime DESC
2016-04-08 18:00:45.219 - SELECT * FROM `Bill`                 ORDER BY LastUpdateTime DESC
2016-04-08 18:00:45.660 - SELECT * FROM `House`       WHERE  (            `ID`= ?param0           )           ORDER BY LastUpdateTime DESC
2016-04-08 18:00:45.699 - SELECT * FROM `Building`       WHERE  (            `ID`= ?param0           )           ORDER BY LastUpdateTime DESC
2016-04-08 18:00:45.720 - SELECT * FROM `House_OtherFee`       WHERE  (            `HouseOrRoomID`= ?param0           )
2016-04-08 18:00:45.738 - SELECT * FROM `OtherFee`                 ORDER BY LastUpdateTime DESC
2016-04-08 18:00:45.758 - SELECT * FROM `OtherFeeBill`       WHERE  (            `BillID`= ?param0           )           ORDER BY LastUpdateTime DESC
2016-04-08 18:01:25.045 - SELECT * FROM `Bill`                 ORDER BY LastUpdateTime DESC
2016-04-08 18:01:25.548 - SELECT * FROM `House`       WHERE  (            `ID`= ?param0           )           ORDER BY LastUpdateTime DESC
2016-04-08 18:01:25.593 - SELECT * FROM `Building`       WHERE  (            `ID`= ?param0           )           ORDER BY LastUpdateTime DESC
2016-04-08 18:01:25.614 - SELECT * FROM `House_OtherFee`       WHERE  (            `HouseOrRoomID`= ?param0           )
2016-04-08 18:01:25.634 - SELECT * FROM `OtherFee`                 ORDER BY LastUpdateTime DESC
2016-04-08 18:01:25.657 - SELECT * FROM `OtherFeeBill`       WHERE  (            `BillID`= ?param0           )           ORDER BY LastUpdateTime DESC
2016-04-08 18:04:36.926 - SELECT * FROM `Bill`                 ORDER BY LastUpdateTime DESC
2016-04-08 18:04:37.493 - SELECT * FROM `House`       WHERE  (            `ID`= ?param0           )           ORDER BY LastUpdateTime DESC
2016-04-08 18:04:37.601 - SELECT * FROM `Building`       WHERE  (            `ID`= ?param0           )           ORDER BY LastUpdateTime DESC
2016-04-08 18:04:37.622 - SELECT * FROM `House_OtherFee`       WHERE  (            `HouseOrRoomID`= ?param0           )
2016-04-08 18:04:37.643 - SELECT * FROM `OtherFee`                 ORDER BY LastUpdateTime DESC
2016-04-08 18:04:37.667 - SELECT * FROM `OtherFeeBill`       WHERE  (            `BillID`= ?param0           )           ORDER BY LastUpdateTime DESC
